[debug] [2021-12-09T13:27:10.623Z] ----------------------------------------------------------------------
[debug] [2021-12-09T13:27:10.625Z] Command:       C:\Program Files\nodejs\node.exe C:\Users\liger\AppData\Roaming\npm\node_modules\firebase-tools\lib\bin\firebase.js init
[debug] [2021-12-09T13:27:10.625Z] CLI Version:   9.23.0
[debug] [2021-12-09T13:27:10.625Z] Platform:      win32
[debug] [2021-12-09T13:27:10.626Z] Node Version:  v16.6.0
[debug] [2021-12-09T13:27:10.626Z] Time:          Thu Dec 09 2021 20:27:10 GMT+0700 (เวลาอินโดจีน)
[debug] [2021-12-09T13:27:10.627Z] ----------------------------------------------------------------------
[debug] 
[debug] [2021-12-09T13:27:10.629Z] >>> [apiv2][query] GET https://firebase-public.firebaseio.com/cli.json [none]
[debug] [2021-12-09T13:27:10.651Z] > command requires scopes: ["email","openid","https://www.googleapis.com/auth/cloudplatformprojects.readonly","https://www.googleapis.com/auth/firebase","https://www.googleapis.com/auth/cloud-platform"]
[debug] [2021-12-09T13:27:10.651Z] > authorizing via signed-in user (6230561021@student.chula.ac.th)
[info] 
     ######## #### ########  ######## ########     ###     ######  ########
     ##        ##  ##     ## ##       ##     ##  ##   ##  ##       ##
     ######    ##  ########  ######   ########  #########  ######  ######
     ##        ##  ##    ##  ##       ##     ## ##     ##       ## ##
     ##       #### ##     ## ######## ########  ##     ##  ######  ########

You're about to initialize a Firebase project in this directory:

  C:\Users\liger\Documents\Coding\webs\cem2-card-matching

[debug] [2021-12-09T13:27:11.426Z] <<< [apiv2][status] GET https://firebase-public.firebaseio.com/cli.json 200
[debug] [2021-12-09T13:27:11.426Z] <<< [apiv2][body] GET https://firebase-public.firebaseio.com/cli.json {"cloudBuildErrorAfter":1594252800000,"cloudBuildWarnAfter":1590019200000,"defaultNode10After":1594252800000,"minVersion":"3.0.5","node8DeploysDisabledAfter":1613390400000,"node8RuntimeDisabledAfter":1615809600000,"node8WarnAfter":1600128000000}
[debug] [2021-12-09T13:31:34.302Z] ----------------------------------------------------------------------
[debug] [2021-12-09T13:31:34.304Z] Command:       C:\Program Files\nodejs\node.exe C:\Users\liger\AppData\Roaming\npm\node_modules\firebase-tools\lib\bin\firebase.js init
[debug] [2021-12-09T13:31:34.304Z] CLI Version:   9.23.0
[debug] [2021-12-09T13:31:34.304Z] Platform:      win32
[debug] [2021-12-09T13:31:34.304Z] Node Version:  v16.6.0
[debug] [2021-12-09T13:31:34.305Z] Time:          Thu Dec 09 2021 20:31:34 GMT+0700 (เวลาอินโดจีน)
[debug] [2021-12-09T13:31:34.305Z] ----------------------------------------------------------------------
[debug] 
[debug] [2021-12-09T13:31:34.313Z] > command requires scopes: ["email","openid","https://www.googleapis.com/auth/cloudplatformprojects.readonly","https://www.googleapis.com/auth/firebase","https://www.googleapis.com/auth/cloud-platform"]
[debug] [2021-12-09T13:31:34.313Z] > authorizing via signed-in user (6230561021@student.chula.ac.th)
[info] 
     ######## #### ########  ######## ########     ###     ######  ########
     ##        ##  ##     ## ##       ##     ##  ##   ##  ##       ##
     ######    ##  ########  ######   ########  #########  ######  ######
     ##        ##  ##    ##  ##       ##     ## ##     ##       ## ##
     ##       #### ##     ## ######## ########  ##     ##  ######  ########

You're about to initialize a Firebase project in this directory:

  C:\Users\liger\Documents\Coding\webs\cem2-card-matching

[debug] [2021-12-09T13:32:08.194Z] ----------------------------------------------------------------------
[debug] [2021-12-09T13:32:08.197Z] Command:       C:\Program Files\nodejs\node.exe C:\Users\liger\AppData\Roaming\npm\node_modules\firebase-tools\lib\bin\firebase.js init
[debug] [2021-12-09T13:32:08.197Z] CLI Version:   9.23.0
[debug] [2021-12-09T13:32:08.198Z] Platform:      win32
[debug] [2021-12-09T13:32:08.198Z] Node Version:  v16.6.0
[debug] [2021-12-09T13:32:08.199Z] Time:          Thu Dec 09 2021 20:32:08 GMT+0700 (เวลาอินโดจีน)
[debug] [2021-12-09T13:32:08.200Z] ----------------------------------------------------------------------
[debug] 
[debug] [2021-12-09T13:32:08.294Z] > command requires scopes: ["email","openid","https://www.googleapis.com/auth/cloudplatformprojects.readonly","https://www.googleapis.com/auth/firebase","https://www.googleapis.com/auth/cloud-platform"]
[debug] [2021-12-09T13:32:08.294Z] > authorizing via signed-in user (6230561021@student.chula.ac.th)
[info] 
     ######## #### ########  ######## ########     ###     ######  ########
     ##        ##  ##     ## ##       ##     ##  ##   ##  ##       ##
     ######    ##  ########  ######   ########  #########  ######  ######
     ##        ##  ##    ##  ##       ##     ## ##     ##       ## ##
     ##       #### ##     ## ######## ########  ##     ##  ######  ########

You're about to initialize a Firebase project in this directory:

  C:\Users\liger\Documents\Coding\webs\cem2-card-matching

Before we get started, keep in mind:

  * You are initializing within an existing Firebase project directory

